This is pdfeTeX, Version 3.141592-1.21a-2.2 (MiKTeX 2.4) (preloaded format=latex 2006.11.23)  6 MAY 2007 08:25
entering extended mode
**F:/FACU/Algoritmos*y*Estructura*de*Datos*III/SVN*2007-05-06/Informe/Informe.tex
(F:/FACU/Algoritmos y Estructura de Datos III/SVN 2007-05-06/Informe/Informe.tex
LaTeX2e <2003/12/01>
Babel <v3.8g> and hyphenation patterns for english, dumylang, nohyphenation, german, ngerman, spanish, french, loaded.
(C:\Archivos de programa\MikTeX\Main\tex\latex\base\article.cls
Document Class: article 2004/02/16 v1.4f Standard LaTeX document class
(C:\Archivos de programa\MikTeX\Main\tex\latex\base\size10.clo
File: size10.clo 2004/02/16 v1.4f Standard LaTeX file (size option)
)
\c@part=\count79
\c@section=\count80
\c@subsection=\count81
\c@subsubsection=\count82
\c@paragraph=\count83
\c@subparagraph=\count84
\c@figure=\count85
\c@table=\count86
\abovecaptionskip=\skip41
\belowcaptionskip=\skip42
\bibindent=\dimen102
)
(C:\Archivos de programa\MikTeX\Main\tex\latex\moreverb\moreverb.sty
Package: moreverb 1997/12/07 v2.2d.2 `more' verbatim facilities

(C:\Archivos de programa\MikTeX\Main\tex\latex\tools\verbatim.sty
Package: verbatim 2003/08/22 v1.5q LaTeX2e package for verbatim enhancements
\every@verbatim=\toks14
\verbatim@line=\toks15
\verbatim@in@stream=\read1
)
\verbatim@out=\write3
\tab@position=\count87
\tab@size=\count88
\listing@line=\count89
) (caratula.sty
Package: caratula 2005/08/09 v0.3 Para componer caratulas de TPs del DC

(C:\Archivos de programa\MikTeX\Main\tex\latex\graphics\graphicx.sty
Package: graphicx 1999/02/16 v1.0f Enhanced LaTeX Graphics (DPC,SPQR)

(C:\Archivos de programa\MikTeX\Main\tex\latex\graphics\keyval.sty
Package: keyval 1999/03/16 v1.13 key=value parser (DPC)
\KV@toks@=\toks16
)
(C:\Archivos de programa\MikTeX\Main\tex\latex\graphics\graphics.sty
Package: graphics 2001/07/07 v1.0n Standard LaTeX Graphics (DPC,SPQR)

(C:\Archivos de programa\MikTeX\Main\tex\latex\graphics\trig.sty
Package: trig 1999/03/16 v1.09 sin cos tan (DPC)
)
(C:\Archivos de programa\MikTeX\Main\tex\latex\00miktex\graphics.cfg
File: graphics.cfg 2003/03/12 v1.1 MiKTeX 'graphics' configuration
)
Package graphics Info: Driver file: pdftex.def on input line 80.

(C:\Archivos de programa\MikTeX\Main\tex\latex\graphics\pdftex.def
File: pdftex.def 2005/06/20 v0.03m graphics/color for pdftex
\Gread@gobject=\count90
))
\Gin@req@height=\dimen103
\Gin@req@width=\dimen104
)
Cargando package 'caratula' v0.3 (2005/08/09)
\intlist=\toks17
) (C:\Archivos de programa\MikTeX\Main\tex\generic\babel\babel.sty
Package: babel 2005/05/21 v3.8g The Babel package

(C:\Archivos de programa\MikTeX\Main\tex\generic\babel\spanish.ldf
Language: spanish.ldf 2005/03/31 v4.2b Spanish support from the babel system

(C:\Archivos de programa\MikTeX\Main\tex\generic\babel\babel.def
File: babel.def 2005/05/21 v3.8g Babel common definitions
\babel@savecnt=\count91
\U@D=\dimen105
)
\es@quottoks=\toks18
\es@quotdepth=\count92
Package babel Info: Making . an active character on input line 509.
Package babel Info: Making " an active character on input line 540.
Package babel Info: Making < an active character on input line 641.
Package babel Info: Making > an active character on input line 642.
Package babel Info: Making ' an active character on input line 693.
))
(C:\Archivos de programa\MikTeX\Main\tex\latex\base\inputenc.sty
Package: inputenc 2004/02/05 v1.0d Input encoding file

(C:\Archivos de programa\MikTeX\Main\tex\latex\base\latin1.def
File: latin1.def 2004/02/05 v1.0d Input encoding file
))
(C:\Archivos de programa\MikTeX\Main\tex\latex\graphics\color.sty
Package: color 1999/02/16 v1.0i Standard LaTeX Color (DPC)

(C:\Archivos de programa\MikTeX\Main\tex\latex\00miktex\color.cfg
File: color.cfg 2003/03/08 v1.0 MiKTeX 'color' configuration
)
Package color Info: Driver file: pdftex.def on input line 125.
)
(C:\Archivos de programa\MikTeX\Main\tex\latex\fancyhdr\fancyhdr.sty
\fancy@headwidth=\skip43
\f@ncyO@elh=\skip44
\f@ncyO@erh=\skip45
\f@ncyO@olh=\skip46
\f@ncyO@orh=\skip47
\f@ncyO@elf=\skip48
\f@ncyO@erf=\skip49
\f@ncyO@olf=\skip50
\f@ncyO@orf=\skip51
)
(C:\Archivos de programa\MikTeX\Main\tex\latex\graphics\lscape.sty
Package: lscape 2000/10/22 v3.01 Landscape Pages (DPC)
)
(C:\Archivos de programa\MikTeX\Main\tex\latex\ltxmisc\framed.sty
Package: framed 2003/07/21 v 0.8a: framed or shaded text with page breaks
\FrameRule=\dimen106
\FrameSep=\dimen107
)
(C:\Archivos de programa\MikTeX\Main\tex\latex\lastpage\lastpage.sty
Package: lastpage 1994/06/25 v0.1b LaTeX2e package for refs to last page number (JPG)
) (Informe.aux)
LaTeX Font Info:    Checking defaults for OML/cmm/m/it on input line 46.
LaTeX Font Info:    ... okay on input line 46.
LaTeX Font Info:    Checking defaults for T1/cmr/m/n on input line 46.
LaTeX Font Info:    ... okay on input line 46.
LaTeX Font Info:    Checking defaults for OT1/cmr/m/n on input line 46.
LaTeX Font Info:    ... okay on input line 46.
LaTeX Font Info:    Checking defaults for OMS/cmsy/m/n on input line 46.
LaTeX Font Info:    ... okay on input line 46.
LaTeX Font Info:    Checking defaults for OMX/cmex/m/n on input line 46.
LaTeX Font Info:    ... okay on input line 46.
LaTeX Font Info:    Checking defaults for U/cmr/m/n on input line 46.
LaTeX Font Info:    ... okay on input line 46.

(C:\Archivos de programa\MikTeX\Main\tex\context\base\supp-pdf.tex
(C:\Archivos de programa\MikTeX\Main\tex\context\base\supp-mis.tex
loading : Context Support Macros / Miscellaneous (2004.10.26)
\protectiondepth=\count93
\scratchcounter=\count94
\scratchtoks=\toks19
\scratchdimen=\dimen108
\scratchskip=\skip52
\scratchmuskip=\muskip10
\scratchbox=\box26
\scratchread=\read2
\scratchwrite=\write4
\zeropoint=\dimen109
\onepoint=\dimen110
\onebasepoint=\dimen111
\minusone=\count95
\thousandpoint=\dimen112
\onerealpoint=\dimen113
\emptytoks=\toks20
\nextbox=\box27
\nextdepth=\dimen114
\everyline=\toks21
\!!counta=\count96
\!!countb=\count97
\recursecounter=\count98
)
loading : Context Support Macros / PDF (2004.03.26)
\nofMPsegments=\count99
\nofMParguments=\count100
\MPscratchCnt=\count101
\MPscratchDim=\dimen115
\MPnumerator=\count102
\everyMPtoPDFconversion=\toks22
) (ejercicio1.tex <rotaciones.png, id=1, 313.17pt x 205.0059pt>
File: rotaciones.png Graphic file (type png)
 <use rotaciones.png>
<caso1.png, id=2, 385.44pt x 246.1998pt>
File: caso1.png Graphic file (type png)
 <use caso1.png> <caso2.png, id=3, 385.44pt x 246.1998pt>
File: caso2.png Graphic file (type png)
 <use caso2.png>
[1{psfonts.map}

 <rotaciones.png> <caso1.png>] <caso3.png, id=23, 385.44pt x 246.1998pt>
File: caso3.png Graphic file (type png)
 <use caso3.png>
LaTeX Font Info:    External font `cmex10' loaded for size
(Font)              <7> on input line 50.
LaTeX Font Info:    External font `cmex10' loaded for size
(Font)              <5> on input line 50.
 [2 <caso2.png> <caso3.png>] <test_insercion.png, id=27, 385.44pt x 303.534pt>
File: test_insercion.png Graphic file (type png)
 <use test_insercion.png> [3 <test_insercion.png>] [4]
[5]
LaTeX Font Info:    Try loading font information for OMS+cmr on input line 235.
 (C:\Archivos de programa\MikTeX\Main\tex\latex\base\omscmr.fd
File: omscmr.fd 1999/05/25 v2.5h Standard LaTeX font definitions
)
LaTeX Font Info:    Font shape `OMS/cmr/m/n' in size <10> not available
(Font)              Font shape `OMS/cmsy/m/n' tried instead on input line 235.
 <peorcaso.jpg, id=46, 385.44pt x 295.5843pt>
File: peorcaso.jpg Graphic file (type jpg)

<use peorcaso.jpg> [6] <peorcaso2.jpg, id=50, 385.44pt x 295.5843pt>
File: peorcaso2.jpg Graphic file (type jpg)
 <use peorcaso2.jpg> [7 <peorcaso.jpg> <peorcaso2.jpg>] [8]) [9] (ejercicio2.tex <ada.png, id=70, 385.44pt x 275.3487pt>
File: ada.png Graphic file (type png)
 <use ada.png> [10 <ada.png>])
AED: lastpage setting LastPage [11] (Informe.aux) ) 
Here is how much of TeX's memory you used:
 1976 strings out of 95499
 23059 string characters out of 1188477
 85017 words of memory out of 1080078
 4986 multiletter control sequences out of 60000
 7050 words of font info for 25 fonts, out of 1000000 for 2000
 14 hyphenation exceptions out of 4999
 32i,13n,43p,501b,347s stack positions out of 5000i,500n,10000p,200000b,32768s
PDF statistics:
 82 PDF objects out of 300000
 0 named destinations out of 300000
 41 words of extra memory for PDF output out of 65536
<C:\Archivos de programa\MikTeX\Main\fonts\type1\bluesky\cm\cmsy7.pfb
><C:\Archivos de programa\MikTeX\Main\fonts\type1\bluesky\cm\cmbx10.pfb><C:\Archivos de programa\MikTeX\Main\fonts\type1
\bluesky\cm\cmr7.pfb><C:\Archivos de programa\MikTeX\Main\fonts\type1\bluesky\cm\cmmi7.pfb><C:\Archivos de programa\MikT
eX\Main\fonts\type1\bluesky\cm\cmex10.pfb><C:\Archivos de programa\MikTeX\Main\fonts\type1\bluesky\cm\cmsy10.pfb><C:\Arc
hivos de programa\MikTeX\Main\fonts\type1\bluesky\cm\cmtt10.pfb><C:\Archivos de programa\MikTeX\Main\fonts\type1\bluesky
\cm\cmmi10.pfb><C:\Archivos de programa\MikTeX\Main\fonts\type1\bluesky\cm\cmti10.pfb><C:\Archivos de programa\MikTeX\Ma
in\fonts\type1\bluesky\cm\cmcsc10.pfb><C:\Archivos de programa\MikTeX\Main\fonts\type1\bluesky\cm\cmbxti10.pfb><C:\Archi
vos de programa\MikTeX\Main\fonts\type1\bluesky\cm\cmbx12.pfb><C:\Archivos de programa\MikTeX\Main\fonts\type1\bluesky\c
m\cmr10.pfb>
Output written on Informe.pdf (11 pages, 1041457 bytes).
