This is pdfeTeX, Version 3.141592-1.21a-2.2 (MiKTeX 2.4) (preloaded format=latex 2006.11.23)  6 MAY 2007 03:42
entering extended mode
**F:/FACU/Algoritmos*y*Estructura*de*Datos*III/SVN*2007-05-02/Informe/Informe.tex
(F:/FACU/Algoritmos y Estructura de Datos III/SVN 2007-05-02/Informe/Informe.tex
LaTeX2e <2003/12/01>
Babel <v3.8g> and hyphenation patterns for english, dumylang, nohyphenation, german, ngerman, spanish, french, loaded.
(C:\Archivos de programa\MikTeX\Main\tex\latex\base\article.cls
Document Class: article 2004/02/16 v1.4f Standard LaTeX document class
(C:\Archivos de programa\MikTeX\Main\tex\latex\base\size10.clo
File: size10.clo 2004/02/16 v1.4f Standard LaTeX file (size option)
)
\c@part=\count79
\c@section=\count80
\c@subsection=\count81
\c@subsubsection=\count82
\c@paragraph=\count83
\c@subparagraph=\count84
\c@figure=\count85
\c@table=\count86
\abovecaptionskip=\skip41
\belowcaptionskip=\skip42
\bibindent=\dimen102
)
(C:\Archivos de programa\MikTeX\Main\tex\latex\moreverb\moreverb.sty
Package: moreverb 1997/12/07 v2.2d.2 `more' verbatim facilities

(C:\Archivos de programa\MikTeX\Main\tex\latex\tools\verbatim.sty
Package: verbatim 2003/08/22 v1.5q LaTeX2e package for verbatim enhancements
\every@verbatim=\toks14
\verbatim@line=\toks15
\verbatim@in@stream=\read1
)
\verbatim@out=\write3
\tab@position=\count87
\tab@size=\count88
\listing@line=\count89
) (caratula.sty
Package: caratula 2005/08/09 v0.3 Para componer caratulas de TPs del DC

(C:\Archivos de programa\MikTeX\Main\tex\latex\graphics\graphicx.sty
Package: graphicx 1999/02/16 v1.0f Enhanced LaTeX Graphics (DPC,SPQR)

(C:\Archivos de programa\MikTeX\Main\tex\latex\graphics\keyval.sty
Package: keyval 1999/03/16 v1.13 key=value parser (DPC)
\KV@toks@=\toks16
)
(C:\Archivos de programa\MikTeX\Main\tex\latex\graphics\graphics.sty
Package: graphics 2001/07/07 v1.0n Standard LaTeX Graphics (DPC,SPQR)

(C:\Archivos de programa\MikTeX\Main\tex\latex\graphics\trig.sty
Package: trig 1999/03/16 v1.09 sin cos tan (DPC)
)
(C:\Archivos de programa\MikTeX\Main\tex\latex\00miktex\graphics.cfg
File: graphics.cfg 2003/03/12 v1.1 MiKTeX 'graphics' configuration
)
Package graphics Info: Driver file: pdftex.def on input line 80.

(C:\Archivos de programa\MikTeX\Main\tex\latex\graphics\pdftex.def
File: pdftex.def 2005/06/20 v0.03m graphics/color for pdftex
\Gread@gobject=\count90
))
\Gin@req@height=\dimen103
\Gin@req@width=\dimen104
)
Cargando package 'caratula' v0.3 (2005/08/09)
\intlist=\toks17
) (C:\Archivos de programa\MikTeX\Main\tex\generic\babel\babel.sty
Package: babel 2005/05/21 v3.8g The Babel package

(C:\Archivos de programa\MikTeX\Main\tex\generic\babel\spanish.ldf
Language: spanish.ldf 2005/03/31 v4.2b Spanish support from the babel system

(C:\Archivos de programa\MikTeX\Main\tex\generic\babel\babel.def
File: babel.def 2005/05/21 v3.8g Babel common definitions
\babel@savecnt=\count91
\U@D=\dimen105
)
\es@quottoks=\toks18
\es@quotdepth=\count92
Package babel Info: Making . an active character on input line 509.
Package babel Info: Making " an active character on input line 540.
Package babel Info: Making < an active character on input line 641.
Package babel Info: Making > an active character on input line 642.
Package babel Info: Making ' an active character on input line 693.
))
(C:\Archivos de programa\MikTeX\Main\tex\latex\base\inputenc.sty
Package: inputenc 2004/02/05 v1.0d Input encoding file

(C:\Archivos de programa\MikTeX\Main\tex\latex\base\latin1.def
File: latin1.def 2004/02/05 v1.0d Input encoding file
))
(C:\Archivos de programa\MikTeX\Main\tex\latex\graphics\color.sty
Package: color 1999/02/16 v1.0i Standard LaTeX Color (DPC)

(C:\Archivos de programa\MikTeX\Main\tex\latex\00miktex\color.cfg
File: color.cfg 2003/03/08 v1.0 MiKTeX 'color' configuration
)
Package color Info: Driver file: pdftex.def on input line 125.
)
(C:\Archivos de programa\MikTeX\Main\tex\latex\fancyhdr\fancyhdr.sty
\fancy@headwidth=\skip43
\f@ncyO@elh=\skip44
\f@ncyO@erh=\skip45
\f@ncyO@olh=\skip46
\f@ncyO@orh=\skip47
\f@ncyO@elf=\skip48
\f@ncyO@erf=\skip49
\f@ncyO@olf=\skip50
\f@ncyO@orf=\skip51
)
(C:\Archivos de programa\MikTeX\Main\tex\latex\graphics\lscape.sty
Package: lscape 2000/10/22 v3.01 Landscape Pages (DPC)
)
(C:\Archivos de programa\MikTeX\Main\tex\latex\ltxmisc\framed.sty
Package: framed 2003/07/21 v 0.8a: framed or shaded text with page breaks
\FrameRule=\dimen106
\FrameSep=\dimen107
)
(C:\Archivos de programa\MikTeX\Main\tex\latex\lastpage\lastpage.sty
Package: lastpage 1994/06/25 v0.1b LaTeX2e package for refs to last page number (JPG)
) (Informe.aux)
LaTeX Font Info:    Checking defaults for OML/cmm/m/it on input line 46.
LaTeX Font Info:    ... okay on input line 46.
LaTeX Font Info:    Checking defaults for T1/cmr/m/n on input line 46.
LaTeX Font Info:    ... okay on input line 46.
LaTeX Font Info:    Checking defaults for OT1/cmr/m/n on input line 46.
LaTeX Font Info:    ... okay on input line 46.
LaTeX Font Info:    Checking defaults for OMS/cmsy/m/n on input line 46.
LaTeX Font Info:    ... okay on input line 46.
LaTeX Font Info:    Checking defaults for OMX/cmex/m/n on input line 46.
LaTeX Font Info:    ... okay on input line 46.
LaTeX Font Info:    Checking defaults for U/cmr/m/n on input line 46.
LaTeX Font Info:    ... okay on input line 46.

(C:\Archivos de programa\MikTeX\Main\tex\context\base\supp-pdf.tex
(C:\Archivos de programa\MikTeX\Main\tex\context\base\supp-mis.tex
loading : Context Support Macros / Miscellaneous (2004.10.26)
\protectiondepth=\count93
\scratchcounter=\count94
\scratchtoks=\toks19
\scratchdimen=\dimen108
\scratchskip=\skip52
\scratchmuskip=\muskip10
\scratchbox=\box26
\scratchread=\read2
\scratchwrite=\write4
\zeropoint=\dimen109
\onepoint=\dimen110
\onebasepoint=\dimen111
\minusone=\count95
\thousandpoint=\dimen112
\onerealpoint=\dimen113
\emptytoks=\toks20
\nextbox=\box27
\nextdepth=\dimen114
\everyline=\toks21
\!!counta=\count96
\!!countb=\count97
\recursecounter=\count98
)
loading : Context Support Macros / PDF (2004.03.26)
\nofMPsegments=\count99
\nofMParguments=\count100
\MPscratchCnt=\count101
\MPscratchDim=\dimen115
\MPnumerator=\count102
\everyMPtoPDFconversion=\toks22
) (ejercicio2.tex
LaTeX Font Info:    External font `cmex10' loaded for size
(Font)              <7> on input line 17.
LaTeX Font Info:    External font `cmex10' loaded for size
(Font)              <5> on input line 17.
 <ada.png, id=1, 385.44pt x 275.3487pt>
File: ada.png Graphic file (type png)
 <use ada.png> [1{psfonts.map}

 <ada.png>])
AED: lastpage setting LastPage [2] (Informe.aux)

LaTeX Warning: Label(s) may have changed. Rerun to get cross-references right.

 ) 
Here is how much of TeX's memory you used:
 1902 strings out of 95499
 22091 string characters out of 1188477
 79897 words of memory out of 1080078
 4940 multiletter control sequences out of 60000
 6581 words of font info for 23 fonts, out of 1000000 for 2000
 14 hyphenation exceptions out of 4999
 32i,13n,43p,481b,219s stack positions out of 5000i,500n,10000p,200000b,32768s
PDF statistics:
 35 PDF objects out of 300000
 0 named destinations out of 300000
 6 words of extra memory for PDF output out of 65536
<C:\Archivos de programa\MikTeX\Main\fonts\type1\bluesky\cm\cmmi7.pfb><C:\Archivos de programa\MikTeX\Main\fonts\type1
\bluesky\cm\cmex10.pfb><C:\Archivos de programa\MikTeX\Main\fonts\type1\bluesky\cm\cmti10.pfb><C:\Archivos de programa\M
ikTeX\Main\fonts\type1\bluesky\cm\cmsy7.pfb><C:\Archivos de programa\MikTeX\Main\fonts\type1\bluesky\cm\cmmi10.pfb><C:\A
rchivos de programa\MikTeX\Main\fonts\type1\bluesky\cm\cmbx10.pfb><C:\Archivos de programa\MikTeX\Main\fonts\type1\blues
ky\cm\cmbxti10.pfb><C:\Archivos de programa\MikTeX\Main\fonts\type1\bluesky\cm\cmbx12.pfb><C:\Archivos de programa\MikTe
X\Main\fonts\type1\bluesky\cm\cmr10.pfb>
Output written on Informe.pdf (2 pages, 153781 bytes).
